Removed Pin From Net: NetName=+5V Pin=C4-1
Removed Pin From Net: NetName=+5V Pin=R14-2
Removed Pin From Net: NetName=+5V Pin=U2-1
Removed Pin From Net: NetName=+5V Pin=U2-3
Added Component: Designator=D1(DIOM4227X23N)
Added Component: Designator=D2(DIOM4227X23N)
Added Component: Designator=L1(INDC3216L)
Added Pin To Net: NetName=+5V Pin=D2-2
Added Pin To Net: NetName=VBUS Pin=L1-2
Added Pin To Net: NetName=VBUS Pin=R14-2
Added Pin To Net: NetName=NetC4_1 Pin=C4-1
Added Pin To Net: NetName=NetC4_1 Pin=D1-1
Added Pin To Net: NetName=NetC4_1 Pin=D2-1
Added Pin To Net: NetName=NetC4_1 Pin=U2-1
Added Pin To Net: NetName=NetC4_1 Pin=U2-3
Added Net: Name=NetC4_1
Added Pin To Net: NetName=NetD1_2 Pin=D1-2
Added Pin To Net: NetName=NetD1_2 Pin=L1-1
Added Net: Name=NetD1_2
Added Member To Class: ClassName=Sam4S Power Distribution_5 Member=Component D1 SS14-E3/5AT
Added Member To Class: ClassName=Sam4S Power Distribution_5 Member=Component D2 SS14-E3/5AT
Added Member To Class: ClassName=Sam4S Power Distribution_5 Member=Component L1 Ferrite Bead
