Removed Member From Class: ClassName=Sam4S Power Distribution_5 Member=D2
Change Component Designator: OldDesignator=TP_pin_11 NewDesignator=TP_pin_PA11
Change Net Name : Old Net Name=+5V New Net Name=NetC17_2
Change Net Name : Old Net Name=NetC4_1 New Net Name=+5V
Change Net Name : Old Net Name=NetTP_pin_11_1 New Net Name=NetTP_pin_PA11_1
Added Pin To Net: NetName=NetU1_3 Pin=U1-3
Added Net: Name=NetU1_3
Added Pin To Net: NetName=NetU1_4 Pin=U1-4
Added Net: Name=NetU1_4
Added Pin To Net: NetName=NetU1_5 Pin=U1-5
Added Net: Name=NetU1_5
Added Pin To Net: NetName=NetU1_6 Pin=U1-6
Added Net: Name=NetU1_6
Added Pin To Net: NetName=NetU1_13 Pin=U1-13
Added Net: Name=NetU1_13
Added Pin To Net: NetName=NetU1_15 Pin=U1-15
Added Net: Name=NetU1_15
Added Pin To Net: NetName=NetU1_16 Pin=U1-16
Added Net: Name=NetU1_16
Added Pin To Net: NetName=NetU1_37 Pin=U1-37
Added Net: Name=NetU1_37
Added Member To Class: ClassName=Sam4S Basic Board 5 Member=Component D2 SS14-E3/5AT
Added Room: Name=Sam4S Basic Board 5
Added Room: Name=Sam4S Power Distribution_5
