Added Component: Designator=C1(CAPC1608L)
Added Component: Designator=C2(CAPC1608L)
Added Component: Designator=C3(CAPC1608L)
Added Component: Designator=C4(CAPC1608L)
Added Component: Designator=C5(CAPC1608L)
Added Component: Designator=C6(CAPC1608L)
Added Component: Designator=C7(CAPC1608L)
Added Component: Designator=C8(CAPC1608L)
Added Component: Designator=C9(CAPC1608L)
Added Component: Designator=C10(CAPC1608L)
Added Component: Designator=C11(CAPC1608L)
Added Component: Designator=C12(CAPC1608L)
Added Component: Designator=C13(CAPC1608L)
Added Component: Designator=C14(CAPC1608L)
Added Component: Designator=C15(CAPC1608L)
Added Component: Designator=C16(CAPC1608N)
Added Component: Designator=C17(CAPC1608L)
Added Component: Designator=C18(CAPC1608L)
Added Component: Designator=C20(CAPC1608L)
Added Component: Designator=C21(CAPC1608L)
Added Component: Designator=C22(CAPC1608L)
Added Component: Designator=C23(CAPC1608L)
Added Component: Designator=Clock(HC49/4h_SMX)
Added Component: Designator=DL1(WL-SMCW0603)
Added Component: Designator=DL2(WL-SMCW0603)
Added Component: Designator=DL3(WL-SMCW0603)
Added Component: Designator=DL5(WL-SMTW3528)
Added Component: Designator=DL6(WL-SMCW0603)
Added Component: Designator=DL7(WL-SMTW3528)
Added Component: Designator=H1(USB/SM0.8-6H5)
Added Component: Designator=H2(188275-10)
Added Component: Designator=H3(188275-20)
Added Component: Designator=L2(INDC3216L)
Added Component: Designator=MT1(MNT-HOLE_3.2mm_NPTH)
Added Component: Designator=MT2(MNT-HOLE_3.2mm_NPTH)
Added Component: Designator=MT3(MNT-HOLE_3.2mm_NPTH)
Added Component: Designator=MT4(MNT-HOLE_3.2mm_NPTH)
Added Component: Designator=R1(RESC1608L)
Added Component: Designator=R2(RESC1608L)
Added Component: Designator=R3(RESC1608L)
Added Component: Designator=R4(RESC1608L)
Added Component: Designator=R5(RESC1608L)
Added Component: Designator=R6(RESC1608L)
Added Component: Designator=R7(RESC1608L)
Added Component: Designator=R8(RESC1608L)
Added Component: Designator=R9(RESC1608L)
Added Component: Designator=R10(RESC1608L)
Added Component: Designator=R11(RESC1608L)
Added Component: Designator=R12(RESC1608L)
Added Component: Designator=R13(RESC1608L)
Added Component: Designator=R14(RESC1608N)
Added Component: Designator=R15(RESC1608N)
Added Component: Designator=R16(RESC3216L)
Added Component: Designator=R17(RESC1608L)
Added Component: Designator=R18(RESC1608L)
Added Component: Designator=R19(RESC1608L)
Added Component: Designator=R20(RESC1608L)
Added Component: Designator=SW1(KSR211G)
Added Component: Designator=SW2(KSR211G)
Added Component: Designator=TP3USB_N(TP_0805)
Added Component: Designator=TP5USB_P(TP_0805)
Added Component: Designator=TP7(TP_0805)
Added Component: Designator=TP8(TP_0805)
Added Component: Designator=TP9(TP_0805)
Added Component: Designator=TP10(TP_0805)
Added Component: Designator=TP11(TP_0805)
Added Component: Designator=TP16(TP_0805)
Added Component: Designator=TP_erase(TP_0805)
Added Component: Designator=TP_GND_(TP_0805)
Added Component: Designator=TP_pin_11(TP_0805)
Added Component: Designator=TP_pin_PA15(TP_0805)
Added Component: Designator=TP_power_3.3__(TP_0805)
Added Component: Designator=TP_power_3.3_(TP_0805)
Added Component: Designator=TP_power_3.3(TP_0805)
Added Component: Designator=TP_power_5(TP_0805)
Added Component: Designator=TP_VddOut(TP_0805)
Added Component: Designator=TPRX(TP_0805)
Added Component: Designator=TPTX(TP_0805)
Added Component: Designator=U1(LQFP64_L)
Added Component: Designator=U2(SOT95P280X145-5N)
Added Component: Designator=U2(SOT95P280X145-5N)
Added Pin To Net: NetName=+3V3 Pin=C3-2
Added Pin To Net: NetName=+3V3 Pin=C5-1
Added Pin To Net: NetName=+3V3 Pin=C6-2
Added Pin To Net: NetName=+3V3 Pin=C7-2
Added Pin To Net: NetName=+3V3 Pin=C8-2
Added Pin To Net: NetName=+3V3 Pin=C9-2
Added Pin To Net: NetName=+3V3 Pin=C10-2
Added Pin To Net: NetName=+3V3 Pin=DL5-2
Added Pin To Net: NetName=+3V3 Pin=DL6-2
Added Pin To Net: NetName=+3V3 Pin=DL7-2
Added Pin To Net: NetName=+3V3 Pin=H3-1
Added Pin To Net: NetName=+3V3 Pin=H3-2
Added Pin To Net: NetName=+3V3 Pin=R9-2
Added Pin To Net: NetName=+3V3 Pin=R10-2
Added Pin To Net: NetName=+3V3 Pin=R11-2
Added Pin To Net: NetName=+3V3 Pin=R12-2
Added Pin To Net: NetName=+3V3 Pin=R13-2
Added Pin To Net: NetName=+3V3 Pin=TP_power_3.3_-1
Added Pin To Net: NetName=+3V3 Pin=TP_power_3.3__-1
Added Pin To Net: NetName=+3V3 Pin=U1-1
Added Pin To Net: NetName=+3V3 Pin=U1-7
Added Pin To Net: NetName=+3V3 Pin=U1-18
Added Pin To Net: NetName=+3V3 Pin=U1-45
Added Pin To Net: NetName=+3V3 Pin=U1-58
Added Pin To Net: NetName=+3V3 Pin=U2-5
Added Net: Name=+3V3
Added Pin To Net: NetName=+5V Pin=C4-1
Added Pin To Net: NetName=+5V Pin=C17-2
Added Pin To Net: NetName=+5V Pin=C23-1
Added Pin To Net: NetName=+5V Pin=H2-1
Added Pin To Net: NetName=+5V Pin=R14-2
Added Pin To Net: NetName=+5V Pin=TP_power_5-1
Added Pin To Net: NetName=+5V Pin=U2-1
Added Pin To Net: NetName=+5V Pin=U2-1
Added Pin To Net: NetName=+5V Pin=U2-3
Added Net: Name=+5V
Added Pin To Net: NetName=ERASE Pin=TP_erase-1
Added Pin To Net: NetName=ERASE Pin=U1-55
Added Net: Name=ERASE
Added Pin To Net: NetName=GND Pin=C1-1
Added Pin To Net: NetName=GND Pin=C2-1
Added Pin To Net: NetName=GND Pin=C3-1
Added Pin To Net: NetName=GND Pin=C4-2
Added Pin To Net: NetName=GND Pin=C5-2
Added Pin To Net: NetName=GND Pin=C6-1
Added Pin To Net: NetName=GND Pin=C7-1
Added Pin To Net: NetName=GND Pin=C8-1
Added Pin To Net: NetName=GND Pin=C9-1
Added Pin To Net: NetName=GND Pin=C10-1
Added Pin To Net: NetName=GND Pin=C11-1
Added Pin To Net: NetName=GND Pin=C12-1
Added Pin To Net: NetName=GND Pin=C13-1
Added Pin To Net: NetName=GND Pin=C14-1
Added Pin To Net: NetName=GND Pin=C15-1
Added Pin To Net: NetName=GND Pin=C16-1
Added Pin To Net: NetName=GND Pin=C17-1
Added Pin To Net: NetName=GND Pin=C18-2
Added Pin To Net: NetName=GND Pin=C20-1
Added Pin To Net: NetName=GND Pin=C21-1
Added Pin To Net: NetName=GND Pin=C22-1
Added Pin To Net: NetName=GND Pin=C23-2
Added Pin To Net: NetName=GND Pin=H1-5
Added Pin To Net: NetName=GND Pin=H1-6
Added Pin To Net: NetName=GND Pin=H1-7
Added Pin To Net: NetName=GND Pin=H1-8
Added Pin To Net: NetName=GND Pin=H1-9
Added Pin To Net: NetName=GND Pin=H2-2
Added Pin To Net: NetName=GND Pin=H2-6
Added Pin To Net: NetName=GND Pin=H2-8
Added Pin To Net: NetName=GND Pin=H3-4
Added Pin To Net: NetName=GND Pin=H3-6
Added Pin To Net: NetName=GND Pin=H3-8
Added Pin To Net: NetName=GND Pin=H3-10
Added Pin To Net: NetName=GND Pin=H3-12
Added Pin To Net: NetName=GND Pin=H3-14
Added Pin To Net: NetName=GND Pin=H3-16
Added Pin To Net: NetName=GND Pin=H3-18
Added Pin To Net: NetName=GND Pin=H3-20
Added Pin To Net: NetName=GND Pin=R1-2
Added Pin To Net: NetName=GND Pin=R2-2
Added Pin To Net: NetName=GND Pin=R4-2
Added Pin To Net: NetName=GND Pin=R15-1
Added Pin To Net: NetName=GND Pin=R20-2
Added Pin To Net: NetName=GND Pin=SW1-2
Added Pin To Net: NetName=GND Pin=SW2-2
Added Pin To Net: NetName=GND Pin=TP16-1
Added Pin To Net: NetName=GND Pin=TP_GND_-1
Added Pin To Net: NetName=GND Pin=U1-2
Added Pin To Net: NetName=GND Pin=U1-17
Added Pin To Net: NetName=GND Pin=U1-40
Added Pin To Net: NetName=GND Pin=U1-46
Added Pin To Net: NetName=GND Pin=U1-50
Added Pin To Net: NetName=GND Pin=U1-60
Added Pin To Net: NetName=GND Pin=U2-2
Added Pin To Net: NetName=GND Pin=U2-2
Added Pin To Net: NetName=GND Pin=U2-4
Added Pin To Net: NetName=GND Pin=U2-4
Added Net: Name=GND
Added Pin To Net: NetName=LED1 Pin=DL1-2
Added Pin To Net: NetName=LED1 Pin=U1-48
Added Net: Name=LED1
Added Pin To Net: NetName=LED2 Pin=DL2-2
Added Pin To Net: NetName=LED2 Pin=U1-47
Added Net: Name=LED2
Added Pin To Net: NetName=LED3 Pin=DL3-2
Added Pin To Net: NetName=LED3 Pin=U1-44
Added Net: Name=LED3
Added Pin To Net: NetName=LED4 Pin=R19-1
Added Net: Name=LED4
Added Pin To Net: NetName=LED5 Pin=R17-1
Added Net: Name=LED5
Added Pin To Net: NetName=LED6 Pin=R18-1
Added Net: Name=LED6
Added Pin To Net: NetName=NetC1_2 Pin=C1-2
Added Pin To Net: NetName=NetC1_2 Pin=Clock-2
Added Pin To Net: NetName=NetC1_2 Pin=U1-62
Added Net: Name=NetC1_2
Added Pin To Net: NetName=NetC2_2 Pin=C2-2
Added Pin To Net: NetName=NetC2_2 Pin=Clock-1
Added Pin To Net: NetName=NetC2_2 Pin=U1-61
Added Net: Name=NetC2_2
Added Pin To Net: NetName=NetC15_2 Pin=C15-2
Added Pin To Net: NetName=NetC15_2 Pin=L2-1
Added Pin To Net: NetName=NetC15_2 Pin=R16-2
Added Pin To Net: NetName=NetC15_2 Pin=U1-64
Added Net: Name=NetC15_2
Added Pin To Net: NetName=NetC16_2 Pin=C16-2
Added Pin To Net: NetName=NetC16_2 Pin=R16-1
Added Net: Name=NetC16_2
Added Pin To Net: NetName=NetC18_1 Pin=C18-1
Added Pin To Net: NetName=NetC18_1 Pin=C20-2
Added Pin To Net: NetName=NetC18_1 Pin=C21-2
Added Pin To Net: NetName=NetC18_1 Pin=C22-2
Added Pin To Net: NetName=NetC18_1 Pin=TP_power_3.3-1
Added Pin To Net: NetName=NetC18_1 Pin=U2-5
Added Net: Name=NetC18_1
Added Pin To Net: NetName=NetDL1_1 Pin=DL1-1
Added Pin To Net: NetName=NetDL1_1 Pin=R1-1
Added Net: Name=NetDL1_1
Added Pin To Net: NetName=NetDL2_1 Pin=DL2-1
Added Pin To Net: NetName=NetDL2_1 Pin=R2-1
Added Net: Name=NetDL2_1
Added Pin To Net: NetName=NetDL3_1 Pin=DL3-1
Added Pin To Net: NetName=NetDL3_1 Pin=R4-1
Added Net: Name=NetDL3_1
Added Pin To Net: NetName=NetDL5_1 Pin=DL5-1
Added Pin To Net: NetName=NetDL5_1 Pin=R19-2
Added Net: Name=NetDL5_1
Added Pin To Net: NetName=NetDL6_1 Pin=DL6-1
Added Pin To Net: NetName=NetDL6_1 Pin=R17-2
Added Net: Name=NetDL6_1
Added Pin To Net: NetName=NetDL7_1 Pin=DL7-1
Added Pin To Net: NetName=NetDL7_1 Pin=R18-2
Added Net: Name=NetDL7_1
Added Pin To Net: NetName=NetR3_1 Pin=R3-1
Added Pin To Net: NetName=NetR3_1 Pin=U1-26
Added Net: Name=NetR3_1
Added Pin To Net: NetName=NetR3_2 Pin=R3-2
Added Pin To Net: NetName=NetR3_2 Pin=SW1-1
Added Net: Name=NetR3_2
Added Pin To Net: NetName=NetR5_2 Pin=R5-2
Added Pin To Net: NetName=NetR5_2 Pin=U1-57
Added Net: Name=NetR5_2
Added Pin To Net: NetName=NetR6_2 Pin=R6-2
Added Pin To Net: NetName=NetR6_2 Pin=U1-56
Added Net: Name=NetR6_2
Added Pin To Net: NetName=NetR7_2 Pin=R7-2
Added Pin To Net: NetName=NetR7_2 Pin=R8-2
Added Pin To Net: NetName=NetR7_2 Pin=U1-31
Added Net: Name=NetR7_2
Added Pin To Net: NetName=NetR20_1 Pin=R20-1
Added Pin To Net: NetName=NetR20_1 Pin=U1-41
Added Pin To Net: NetName=NetR20_1 Pin=U2-3
Added Net: Name=NetR20_1
Added Pin To Net: NetName=NetTP_pin_11_1 Pin=TP_pin_11-1
Added Pin To Net: NetName=NetTP_pin_11_1 Pin=U1-28
Added Net: Name=NetTP_pin_11_1
Added Pin To Net: NetName=NetTP_pin_PA15_1 Pin=TP_pin_PA15-1
Added Pin To Net: NetName=NetTP_pin_PA15_1 Pin=U1-20
Added Net: Name=NetTP_pin_PA15_1
Added Pin To Net: NetName=NetTPRX_1 Pin=TPRX-1
Added Pin To Net: NetName=NetTPRX_1 Pin=U1-11
Added Net: Name=NetTPRX_1
Added Pin To Net: NetName=NetTPTX_1 Pin=TPTX-1
Added Pin To Net: NetName=NetTPTX_1 Pin=U1-14
Added Net: Name=NetTPTX_1
Added Pin To Net: NetName=NetU1_23 Pin=U1-23
Added Net: Name=NetU1_23
Added Pin To Net: NetName=NetU1_25 Pin=U1-25
Added Net: Name=NetU1_25
Added Pin To Net: NetName=NetU1_38 Pin=U1-38
Added Net: Name=NetU1_38
Added Pin To Net: NetName=NetU1_42 Pin=U1-42
Added Net: Name=NetU1_42
Added Pin To Net: NetName=NetU1_52 Pin=U1-52
Added Net: Name=NetU1_52
Added Pin To Net: NetName=NRST Pin=H3-15
Added Pin To Net: NetName=NRST Pin=R9-1
Added Pin To Net: NetName=NRST Pin=SW2-1
Added Pin To Net: NetName=NRST Pin=TP7-1
Added Pin To Net: NetName=NRST Pin=U1-39
Added Net: Name=NRST
Added Pin To Net: NetName=SCL Pin=H2-5
Added Pin To Net: NetName=SCL Pin=R7-1
Added Pin To Net: NetName=SCL Pin=U1-36
Added Net: Name=SCL
Added Pin To Net: NetName=SDA Pin=H2-7
Added Pin To Net: NetName=SDA Pin=R8-1
Added Pin To Net: NetName=SDA Pin=U1-43
Added Net: Name=SDA
Added Pin To Net: NetName=TCK Pin=H3-9
Added Pin To Net: NetName=TCK Pin=R11-1
Added Pin To Net: NetName=TCK Pin=TP9-1
Added Pin To Net: NetName=TCK Pin=U1-53
Added Net: Name=TCK
Added Pin To Net: NetName=TDI Pin=H3-5
Added Pin To Net: NetName=TDI Pin=R13-1
Added Pin To Net: NetName=TDI Pin=TP11-1
Added Pin To Net: NetName=TDI Pin=U1-33
Added Net: Name=TDI
Added Pin To Net: NetName=TDO Pin=H3-13
Added Pin To Net: NetName=TDO Pin=R10-1
Added Pin To Net: NetName=TDO Pin=TP8-1
Added Pin To Net: NetName=TDO Pin=U1-49
Added Net: Name=TDO
Added Pin To Net: NetName=TMS Pin=H3-7
Added Pin To Net: NetName=TMS Pin=R12-1
Added Pin To Net: NetName=TMS Pin=TP10-1
Added Pin To Net: NetName=TMS Pin=U1-51
Added Net: Name=TMS
Added Pin To Net: NetName=USB_N Pin=H1-2
Added Pin To Net: NetName=USB_N Pin=R6-1
Added Pin To Net: NetName=USB_N Pin=TP3USB_N-1
Added Net: Name=USB_N
Added Pin To Net: NetName=USB_P Pin=H1-3
Added Pin To Net: NetName=USB_P Pin=R5-1
Added Pin To Net: NetName=USB_P Pin=TP5USB_P-1
Added Net: Name=USB_P
Added Pin To Net: NetName=USB DETECT Pin=R14-1
Added Pin To Net: NetName=USB DETECT Pin=R15-2
Added Pin To Net: NetName=USB DETECT Pin=U1-35
Added Net: Name=USB DETECT
Added Pin To Net: NetName=VBUS Pin=H1-1
Added Net: Name=VBUS
Added Pin To Net: NetName=VDDOUT Pin=C11-2
Added Pin To Net: NetName=VDDOUT Pin=C12-2
Added Pin To Net: NetName=VDDOUT Pin=C13-2
Added Pin To Net: NetName=VDDOUT Pin=C14-2
Added Pin To Net: NetName=VDDOUT Pin=L2-2
Added Pin To Net: NetName=VDDOUT Pin=TP_VddOut-1
Added Pin To Net: NetName=VDDOUT Pin=U1-8
Added Pin To Net: NetName=VDDOUT Pin=U1-12
Added Pin To Net: NetName=VDDOUT Pin=U1-24
Added Pin To Net: NetName=VDDOUT Pin=U1-54
Added Net: Name=VDDOUT
Added Class: Name=Sam4S Basic Board 5
Added Class: Name=Sam4S Power Distribution_5
Added Class: Name=Sam4S wifi extension3
Added Class: Name=C1_Nets
Added Class: Name=C2_Nets
Added Class: Name=C3_Nets
Added Class: Name=C4_Nets
Added Class: Name=C5_Nets
Added Class: Name=C6_Nets
Added Class: Name=C7_Nets
Added Class: Name=C8_Nets
Added Class: Name=C9_Nets
Added Class: Name=C10_Nets
Added Class: Name=C11_Nets
Added Class: Name=C12_Nets
Added Class: Name=C13_Nets
Added Class: Name=C14_Nets
Added Class: Name=C15_Nets
Added Class: Name=C16_Nets
Added Class: Name=C17_Nets
Added Class: Name=C18_Nets
Added Class: Name=C20_Nets
Added Class: Name=C21_Nets
Added Class: Name=C22_Nets
Added Class: Name=C23_Nets
Added Class: Name=Clock_Nets
Added Class: Name=DL1_Nets
Added Class: Name=DL2_Nets
Added Class: Name=DL3_Nets
Added Class: Name=DL5_Nets
Added Class: Name=DL6_Nets
Added Class: Name=DL7_Nets
Added Class: Name=H1_Nets
Added Class: Name=H2_Nets
Added Class: Name=H3_Nets
Added Class: Name=L2_Nets
Added Class: Name=MT1_Nets
Added Class: Name=MT2_Nets
Added Class: Name=MT3_Nets
Added Class: Name=MT4_Nets
Added Class: Name=R1_Nets
Added Class: Name=R2_Nets
Added Class: Name=R3_Nets
Added Class: Name=R4_Nets
Added Class: Name=R5_Nets
Added Class: Name=R6_Nets
Added Class: Name=R7_Nets
Added Class: Name=R8_Nets
Added Class: Name=R9_Nets
Added Class: Name=R10_Nets
Added Class: Name=R11_Nets
Added Class: Name=R12_Nets
Added Class: Name=R13_Nets
Added Class: Name=R14_Nets
Added Class: Name=R15_Nets
Added Class: Name=R16_Nets
Added Class: Name=R17_Nets
Added Class: Name=R18_Nets
Added Class: Name=R19_Nets
Added Class: Name=R20_Nets
Added Class: Name=SW1_Nets
Added Class: Name=SW2_Nets
Added Class: Name=TP3USB_N_Nets
Added Class: Name=TP5USB_P_Nets
Added Class: Name=TP7_Nets
Added Class: Name=TP8_Nets
Added Class: Name=TP9_Nets
Added Class: Name=TP10_Nets
Added Class: Name=TP11_Nets
Added Class: Name=TP16_Nets
Added Class: Name=TP_erase_Nets
Added Class: Name=TP_GND__Nets
Added Class: Name=TP_pin_11_Nets
Added Class: Name=TP_pin_PA15_Nets
Added Class: Name=TP_power_3.3___Nets
Added Class: Name=TP_power_3.3__Nets
Added Class: Name=TP_power_3.3_Nets
Added Class: Name=TP_power_5_Nets
Added Class: Name=TP_VddOut_Nets
Added Class: Name=TPRX_Nets
Added Class: Name=TPTX_Nets
Added Class: Name=U1_Nets
Added Class: Name=U2_Nets
Added Class: Name=Wifi I/O_Nets
Added Class: Name=Wifi Power Connections_Nets
Added Differential Pair: Name=USB
Added Room: Name=Sam4S Basic Board 5
Added Room: Name=Sam4S Power Distribution_5
Added Room: Name=Sam4S wifi extension3
