Added Component: Designator=Wifi I/O(PCBComponent_1)
Added Component: Designator=Wifi Power Connections(PCBComponent_1)
Added Pin To Net: NetName=LED5 Pin=Wifi I/O-4
Added Pin To Net: NetName=NetU1_25 Pin=Wifi I/O-5
Added Pin To Net: NetName=NetTPTX_1 Pin=Wifi I/O-7
Added Pin To Net: NetName=NetTPRX_1 Pin=Wifi I/O-10
Added Pin To Net: NetName=NetTPRX_1 Pin=Wifi I/O-10
Added Pin To Net: NetName=NetTPRX_1 Pin=Wifi I/O-10
Added Pin To Net: NetName=NetTPRX_1 Pin=Wifi I/O-10
Added Pin To Net: NetName=NetTPRX_1 Pin=Wifi I/O-10
Added Pin To Net: NetName=NetU1_52 Pin=Wifi I/O-14
Added Pin To Net: NetName=NetU1_23 Pin=Wifi I/O-16
Added Pin To Net: NetName=LED4 Pin=Wifi I/O-20
Added Pin To Net: NetName=LED6 Pin=Wifi I/O-34
Added Pin To Net: NetName=NetU1_38 Pin=Wifi I/O-36
Added Pin To Net: NetName=NetU1_42 Pin=Wifi I/O-38
Added Pin To Net: NetName=GND Pin=Wifi Power Connections-1
Added Pin To Net: NetName=GND Pin=Wifi Power Connections-2
Added Pin To Net: NetName=GND Pin=Wifi Power Connections-9
Added Pin To Net: NetName=GND Pin=Wifi Power Connections-15
Added Pin To Net: NetName=GND Pin=Wifi Power Connections-21
Added Pin To Net: NetName=NetC18_1 Pin=Wifi Power Connections-29
Added Pin To Net: NetName=NetC18_1 Pin=Wifi Power Connections-31
Added Pin To Net: NetName=NetC18_1 Pin=Wifi Power Connections-33
Added Pin To Net: NetName=GND Pin=Wifi Power Connections-37
Added Pin To Net: NetName=GND Pin=Wifi Power Connections-39
Added Pin To Net: NetName=GND Pin=Wifi Power Connections-40
Added Member To Class: ClassName=Sam4S wifi extension3 Member=Component Wifi I/O xPico WiFi
Added Member To Class: ClassName=Sam4S wifi extension3 Member=Component Wifi Power Connections xPico WiFi
